<?xml version="1.0" encoding="UTF-8"?>
<!-- Generated by org.testng.reporters.JUnitReportReporter -->
<testsuite hostname="RaginiPC" failures="0" tests="1" name="com.actitime.generic.Demo" time="0.014" errors="0" timestamp="2024-09-26T11:22:37 IST" skipped="0">
  <testcase classname="com.actitime.generic.Demo" name="demoSample" time="0.014"/>
  <system-out>
    <![CDATA[Welcome to testing]]>
  </system-out>
</testsuite> <!-- com.actitime.generic.Demo -->
