<?xml version="1.0" encoding="UTF-8"?>
<!-- Generated by org.testng.reporters.JUnitReportReporter -->
<testsuite hostname="RaginiPC" failures="0" tests="2" name="com.actitime.generic.CustomerModule" time="0.012" errors="0" timestamp="2024-09-26T13:04:59 IST" skipped="0">
  <testcase classname="com.actitime.generic.CustomerModule" name="createCustomer" time="0.006"/>
  <system-out>
    <![CDATA[CreateCustomer]]>
  </system-out>
  <testcase classname="com.actitime.generic.CustomerModule" name="deleteCustomer" time="0.006"/>
  <system-out>
    <![CDATA[deleteCustomer]]>
  </system-out>
</testsuite> <!-- com.actitime.generic.CustomerModule -->
